<?xml version="1.0" encoding="UTF-8"?>
<testng-results skipped="0" failed="0" total="1" passed="1">
  <reporter-output>
  </reporter-output>
  <suite name="test.com.StudentTest" duration-ms="32" started-at="2019-09-27T21:35:45Z" finished-at="2019-09-27T21:35:45Z">
    <groups>
    </groups>
    <test name="Command line test" duration-ms="32" started-at="2019-09-27T21:35:45Z" finished-at="2019-09-27T21:35:45Z">
      <class name="test.com.StudentTest">
        <test-method status="PASS" signature="setUpClass()[pri:0, instance:test.com.StudentTest@6adca536]" name="setUpClass" is-config="true" duration-ms="14" started-at="2019-09-27T16:35:45Z" finished-at="2019-09-27T16:35:45Z">
          <reporter-output>
          </reporter-output>
        </test-method> <!-- setUpClass -->
        <test-method status="PASS" signature="setUpMethod()[pri:0, instance:test.com.StudentTest@6adca536]" name="setUpMethod" is-config="true" duration-ms="4" started-at="2019-09-27T16:35:45Z" finished-at="2019-09-27T16:35:45Z">
          <reporter-output>
          </reporter-output>
        </test-method> <!-- setUpMethod -->
        <test-method status="PASS" signature="testFirst()[pri:0, instance:test.com.StudentTest@6adca536]" name="testFirst" duration-ms="3" started-at="2019-09-27T16:35:45Z" finished-at="2019-09-27T16:35:45Z">
          <reporter-output>
          </reporter-output>
        </test-method> <!-- testFirst -->
        <test-method status="PASS" signature="tearDownClass()[pri:0, instance:test.com.StudentTest@6adca536]" name="tearDownClass" is-config="true" duration-ms="1" started-at="2019-09-27T16:35:45Z" finished-at="2019-09-27T16:35:45Z">
          <reporter-output>
          </reporter-output>
        </test-method> <!-- tearDownClass -->
        <test-method status="PASS" signature="tearDownMethod()[pri:0, instance:test.com.StudentTest@6adca536]" name="tearDownMethod" is-config="true" duration-ms="0" started-at="2019-09-27T16:35:45Z" finished-at="2019-09-27T16:35:45Z">
          <reporter-output>
          </reporter-output>
        </test-method> <!-- tearDownMethod -->
      </class> <!-- test.com.StudentTest -->
    </test> <!-- Command line test -->
  </suite> <!-- test.com.StudentTest -->
</testng-results>
